<?xml version="1.0" encoding="UTF-8"?>
<testng-results ignored="0" total="1" passed="1" failed="0" skipped="0">
  <reporter-output>
  </reporter-output>
  <suite started-at="2024-04-03T17:24:08 GMT-09:00" name="Default suite" finished-at="2024-04-03T17:24:47 GMT-09:00" duration-ms="39230">
    <groups>
    </groups>
    <test started-at="2024-04-03T17:24:08 GMT-09:00" name="Default test" finished-at="2024-04-03T17:24:47 GMT-09:00" duration-ms="39230">
      <class name="Projectpkgtest.Logintest">
        <test-method is-config="true" signature="setup()[pri:0, instance:Projectpkgtest.Logintest@441772e]" started-at="2024-04-03T17:24:08 GMT-09:00" name="setup" finished-at="2024-04-03T17:24:25 GMT-09:00" duration-ms="16490" status="PASS">
          <reporter-output>
          </reporter-output>
        </test-method> <!-- setup -->
        <test-method is-config="true" signature="urlloading()[pri:0, instance:Projectpkgtest.Logintest@441772e]" started-at="2024-04-03T17:24:25 GMT-09:00" name="urlloading" finished-at="2024-04-03T17:24:36 GMT-09:00" duration-ms="11470" status="PASS">
          <reporter-output>
          </reporter-output>
        </test-method> <!-- urlloading -->
        <test-method signature="test()[pri:0, instance:Projectpkgtest.Logintest@441772e]" started-at="2024-04-03T17:24:36 GMT-09:00" name="test" finished-at="2024-04-03T17:24:47 GMT-09:00" duration-ms="10961" status="PASS">
          <reporter-output>
          </reporter-output>
        </test-method> <!-- test -->
      </class> <!-- Projectpkgtest.Logintest -->
    </test> <!-- Default test -->
  </suite> <!-- Default suite -->
</testng-results>
